Performing C SOURCE FILE Test CMAKE_HAVE_LIBC_PTHREAD failed with the following output:
Change Dir: /home/Grisou/delivery/2-TEK/INDIE/B-YEP-400-PAR-4-1-indiestudio-bill.on/build/CMakeFiles/CMakeTmp

Run Build Command(s):/usr/bin/gmake cmTC_39f16/fast && /usr/bin/gmake  -f CMakeFiles/cmTC_39f16.dir/build.make CMakeFiles/cmTC_39f16.dir/build
gmake[1]: Entering directory '/home/Grisou/delivery/2-TEK/INDIE/B-YEP-400-PAR-4-1-indiestudio-bill.on/build/CMakeFiles/CMakeTmp'
Building C object CMakeFiles/cmTC_39f16.dir/src.c.o
/usr/bin/cc   -fno-strict-aliasing -Werror=implicit-function-declaration -Werror=pointer-arith  -DCMAKE_HAVE_LIBC_PTHREAD   -o CMakeFiles/cmTC_39f16.dir/src.c.o   -c /home/Grisou/delivery/2-TEK/INDIE/B-YEP-400-PAR-4-1-indiestudio-bill.on/build/CMakeFiles/CMakeTmp/src.c
Linking C executable cmTC_39f16
/usr/bin/cmake -E cmake_link_script CMakeFiles/cmTC_39f16.dir/link.txt --verbose=1
/usr/bin/cc -fno-strict-aliasing -Werror=implicit-function-declaration -Werror=pointer-arith  -DCMAKE_HAVE_LIBC_PTHREAD    -rdynamic CMakeFiles/cmTC_39f16.dir/src.c.o  -o cmTC_39f16 
/usr/bin/ld: CMakeFiles/cmTC_39f16.dir/src.c.o: in function `main':
src.c:(.text+0x2d): undefined reference to `pthread_create'
/usr/bin/ld: src.c:(.text+0x39): undefined reference to `pthread_detach'
/usr/bin/ld: src.c:(.text+0x45): undefined reference to `pthread_cancel'
/usr/bin/ld: src.c:(.text+0x56): undefined reference to `pthread_join'
collect2: error: ld returned 1 exit status
gmake[1]: *** [CMakeFiles/cmTC_39f16.dir/build.make:107: cmTC_39f16] Error 1
gmake[1]: Leaving directory '/home/Grisou/delivery/2-TEK/INDIE/B-YEP-400-PAR-4-1-indiestudio-bill.on/build/CMakeFiles/CMakeTmp'
gmake: *** [Makefile:141: cmTC_39f16/fast] Error 2


Source file was:
#include <pthread.h>

void* test_func(void* data)
{
  return data;
}

int main(void)
{
  pthread_t thread;
  pthread_create(&thread, NULL, test_func, NULL);
  pthread_detach(thread);
  pthread_cancel(thread);
  pthread_join(thread, NULL);
  pthread_atfork(NULL, NULL, NULL);
  pthread_exit(NULL);

  return 0;
}

Determining if the function pthread_create exists in the pthreads failed with the following output:
Change Dir: /home/Grisou/delivery/2-TEK/INDIE/B-YEP-400-PAR-4-1-indiestudio-bill.on/build/CMakeFiles/CMakeTmp

Run Build Command(s):/usr/bin/gmake cmTC_01c00/fast && /usr/bin/gmake  -f CMakeFiles/cmTC_01c00.dir/build.make CMakeFiles/cmTC_01c00.dir/build
gmake[1]: Entering directory '/home/Grisou/delivery/2-TEK/INDIE/B-YEP-400-PAR-4-1-indiestudio-bill.on/build/CMakeFiles/CMakeTmp'
Building C object CMakeFiles/cmTC_01c00.dir/CheckFunctionExists.c.o
/usr/bin/cc   -fno-strict-aliasing -Werror=implicit-function-declaration -Werror=pointer-arith  -DCHECK_FUNCTION_EXISTS=pthread_create   -std=gnu99 -o CMakeFiles/cmTC_01c00.dir/CheckFunctionExists.c.o   -c /usr/share/cmake/Modules/CheckFunctionExists.c
Linking C executable cmTC_01c00
/usr/bin/cmake -E cmake_link_script CMakeFiles/cmTC_01c00.dir/link.txt --verbose=1
/usr/bin/cc -fno-strict-aliasing -Werror=implicit-function-declaration -Werror=pointer-arith  -DCHECK_FUNCTION_EXISTS=pthread_create    CMakeFiles/cmTC_01c00.dir/CheckFunctionExists.c.o  -o cmTC_01c00  -lpthreads 
/usr/bin/ld: cannot find -lpthreads
collect2: error: ld returned 1 exit status
gmake[1]: *** [CMakeFiles/cmTC_01c00.dir/build.make:107: cmTC_01c00] Error 1
gmake[1]: Leaving directory '/home/Grisou/delivery/2-TEK/INDIE/B-YEP-400-PAR-4-1-indiestudio-bill.on/build/CMakeFiles/CMakeTmp'
gmake: *** [Makefile:141: cmTC_01c00/fast] Error 2



